  [1m[36m (1.9ms)[0m  [1mCREATE TABLE "schema_migrations" ("version" varchar NOT NULL) [0m
  [1m[35m (0.1ms)[0m  select sqlite_version(*)
  [1m[36m (1.7ms)[0m  [1mCREATE UNIQUE INDEX "unique_schema_migrations" ON "schema_migrations" ("version")[0m
  [1m[35mActiveRecord::SchemaMigration Load (0.1ms)[0m  SELECT "schema_migrations".* FROM "schema_migrations"


Started GET "/" for ::1 at 2015-07-08 18:24:17 -0400
Processing by Rails::WelcomeController#index as HTML
  Rendered /Users/gaberen/.rvm/gems/ruby-2.2.2/gems/railties-4.2.1/lib/rails/templates/rails/welcome/index.html.erb (1.3ms)
Completed 200 OK in 14ms (Views: 6.1ms | ActiveRecord: 0.0ms)
  [1m[36mActiveRecord::SchemaMigration Load (1.2ms)[0m  [1mSELECT "schema_migrations".* FROM "schema_migrations"[0m


Started GET "/" for ::1 at 2015-07-08 22:39:12 -0400
Processing by Rails::WelcomeController#index as HTML
  Rendered /Users/gaberen/.rvm/gems/ruby-2.2.2/gems/railties-4.2.1/lib/rails/templates/rails/welcome/index.html.erb (3.8ms)
Completed 200 OK in 32ms (Views: 20.1ms | ActiveRecord: 0.0ms)
  [1m[36mActiveRecord::SchemaMigration Load (1.3ms)[0m  [1mSELECT "schema_migrations".* FROM "schema_migrations"[0m
Migrating to CreateStatics (20150709043750)
  [1m[35m (0.1ms)[0m  begin transaction
  [1m[36m (0.5ms)[0m  [1mCREATE TABLE "statics" ("id" INTEGER PRIMARY KEY AUTOINCREMENT NOT NULL, "created_at" datetime NOT NULL, "updated_at" datetime NOT NULL) [0m
  [1m[35mSQL (0.2ms)[0m  INSERT INTO "schema_migrations" ("version") VALUES (?)  [["version", "20150709043750"]]
  [1m[36m (2.8ms)[0m  [1mcommit transaction[0m
  [1m[35mActiveRecord::SchemaMigration Load (0.1ms)[0m  SELECT "schema_migrations".* FROM "schema_migrations"
  [1m[36mActiveRecord::SchemaMigration Load (1.1ms)[0m  [1mSELECT "schema_migrations".* FROM "schema_migrations"[0m
  [1m[35mActiveRecord::SchemaMigration Load (0.1ms)[0m  SELECT "schema_migrations".* FROM "schema_migrations"


Started GET "/" for ::1 at 2015-07-09 00:56:44 -0400
  [1m[36mActiveRecord::SchemaMigration Load (1.6ms)[0m  [1mSELECT "schema_migrations".* FROM "schema_migrations"[0m
Processing by Rails::WelcomeController#index as HTML
  Rendered /Users/gaberen/.rvm/gems/ruby-2.2.2/gems/railties-4.2.1/lib/rails/templates/rails/welcome/index.html.erb (2.4ms)
Completed 200 OK in 24ms (Views: 15.1ms | ActiveRecord: 0.0ms)


Started GET "/" for ::1 at 2015-07-09 00:56:47 -0400
Processing by Rails::WelcomeController#index as HTML
  Rendered /Users/gaberen/.rvm/gems/ruby-2.2.2/gems/railties-4.2.1/lib/rails/templates/rails/welcome/index.html.erb (0.0ms)
Completed 200 OK in 2ms (Views: 1.6ms | ActiveRecord: 0.0ms)


Started GET "/rails/info/properties" for ::1 at 2015-07-09 00:56:51 -0400
Processing by Rails::InfoController#properties as */*
  [1m[35mActiveRecord::SchemaMigration Load (0.1ms)[0m  SELECT "schema_migrations".* FROM "schema_migrations"
  Rendered /Users/gaberen/.rvm/gems/ruby-2.2.2/gems/railties-4.2.1/lib/rails/templates/rails/info/properties.html.erb (0.4ms)
Completed 200 OK in 33ms (Views: 29.2ms | ActiveRecord: 0.2ms)


Started GET "/" for ::1 at 2015-07-09 00:57:15 -0400
Processing by Rails::WelcomeController#index as HTML
  Rendered /Users/gaberen/.rvm/gems/ruby-2.2.2/gems/railties-4.2.1/lib/rails/templates/rails/welcome/index.html.erb (0.1ms)
Completed 200 OK in 3ms (Views: 2.8ms | ActiveRecord: 0.0ms)


Started GET "/" for ::1 at 2015-07-22 15:05:01 -0400
  [1m[36mActiveRecord::SchemaMigration Load (1.4ms)[0m  [1mSELECT "schema_migrations".* FROM "schema_migrations"[0m
Processing by Rails::WelcomeController#index as HTML
  Rendered /Users/gaberen/.rvm/gems/ruby-2.2.2/gems/railties-4.2.1/lib/rails/templates/rails/welcome/index.html.erb (3.1ms)
Completed 200 OK in 26ms (Views: 16.6ms | ActiveRecord: 0.0ms)


Started GET "/" for ::1 at 2015-07-22 15:11:20 -0400
  [1m[36mActiveRecord::SchemaMigration Load (1.3ms)[0m  [1mSELECT "schema_migrations".* FROM "schema_migrations"[0m
Processing by Rails::WelcomeController#index as HTML
  Rendered /Users/gaberen/.rvm/gems/ruby-2.2.2/gems/railties-4.2.1/lib/rails/templates/rails/welcome/index.html.erb (2.7ms)
Completed 200 OK in 23ms (Views: 14.2ms | ActiveRecord: 0.0ms)


Started GET "/" for ::1 at 2015-07-22 15:12:31 -0400
  [1m[36mActiveRecord::SchemaMigration Load (1.1ms)[0m  [1mSELECT "schema_migrations".* FROM "schema_migrations"[0m
Processing by Rails::WelcomeController#index as HTML
  Rendered /Users/gaberen/.rvm/gems/ruby-2.2.2/gems/railties-4.2.1/lib/rails/templates/rails/welcome/index.html.erb (3.0ms)
Completed 200 OK in 26ms (Views: 15.6ms | ActiveRecord: 0.0ms)
  [1m[36mActiveRecord::SchemaMigration Load (1.3ms)[0m  [1mSELECT "schema_migrations".* FROM "schema_migrations"[0m
  [1m[35mActiveRecord::SchemaMigration Load (0.1ms)[0m  SELECT "schema_migrations".* FROM "schema_migrations"


Started GET "/" for ::1 at 2015-07-22 15:22:36 -0400
  [1m[36mActiveRecord::SchemaMigration Load (1.3ms)[0m  [1mSELECT "schema_migrations".* FROM "schema_migrations"[0m
Processing by Rails::WelcomeController#index as HTML
  Rendered /Users/gaberen/.rvm/gems/ruby-2.2.2/gems/railties-4.2.1/lib/rails/templates/rails/welcome/index.html.erb (2.7ms)
Completed 200 OK in 27ms (Views: 15.8ms | ActiveRecord: 0.0ms)


Started GET "/" for ::1 at 2015-07-22 15:22:37 -0400
Processing by Rails::WelcomeController#index as HTML
  Rendered /Users/gaberen/.rvm/gems/ruby-2.2.2/gems/railties-4.2.1/lib/rails/templates/rails/welcome/index.html.erb (0.0ms)
Completed 200 OK in 2ms (Views: 1.6ms | ActiveRecord: 0.0ms)
  [1m[36mActiveRecord::SchemaMigration Load (1.4ms)[0m  [1mSELECT "schema_migrations".* FROM "schema_migrations"[0m
Migrating to CreateUsers (20150722194544)
  [1m[35m (0.1ms)[0m  begin transaction
  [1m[36m (0.4ms)[0m  [1mCREATE TABLE "users" ("id" INTEGER PRIMARY KEY AUTOINCREMENT NOT NULL, "first_name" varchar, "last_name" varchar, "site_link" varchar, "created_at" datetime NOT NULL, "updated_at" datetime NOT NULL) [0m
  [1m[35mSQL (0.2ms)[0m  INSERT INTO "schema_migrations" ("version") VALUES (?)  [["version", "20150722194544"]]
  [1m[36m (1.1ms)[0m  [1mcommit transaction[0m
  [1m[35mActiveRecord::SchemaMigration Load (0.1ms)[0m  SELECT "schema_migrations".* FROM "schema_migrations"
  [1m[36mActiveRecord::SchemaMigration Load (1.1ms)[0m  [1mSELECT "schema_migrations".* FROM "schema_migrations"[0m
Migrating to AddDeviseToUsers (20150722195258)
  [1m[35m (0.1ms)[0m  begin transaction
  [1m[36m (0.5ms)[0m  [1mALTER TABLE "users" ADD "email" varchar DEFAULT '' NOT NULL[0m
  [1m[35m (0.1ms)[0m  ALTER TABLE "users" ADD "encrypted_password" varchar DEFAULT '' NOT NULL
  [1m[36m (0.1ms)[0m  [1mALTER TABLE "users" ADD "reset_password_token" varchar[0m
  [1m[35m (0.1ms)[0m  ALTER TABLE "users" ADD "reset_password_sent_at" datetime
  [1m[36m (0.1ms)[0m  [1mALTER TABLE "users" ADD "remember_created_at" datetime[0m
  [1m[35m (0.2ms)[0m  ALTER TABLE "users" ADD "sign_in_count" integer DEFAULT 0 NOT NULL
  [1m[36m (0.1ms)[0m  [1mALTER TABLE "users" ADD "current_sign_in_at" datetime[0m
  [1m[35m (0.1ms)[0m  ALTER TABLE "users" ADD "last_sign_in_at" datetime
  [1m[36m (0.3ms)[0m  [1mALTER TABLE "users" ADD "current_sign_in_ip" varchar[0m
  [1m[35m (0.2ms)[0m  ALTER TABLE "users" ADD "last_sign_in_ip" varchar
  [1m[36m (0.3ms)[0m  [1mALTER TABLE "users" ADD "confirmation_token" varchar[0m
  [1m[35m (0.3ms)[0m  ALTER TABLE "users" ADD "confirmed_at" datetime
  [1m[36m (0.3ms)[0m  [1mALTER TABLE "users" ADD "confirmation_sent_at" datetime[0m
  [1m[35m (0.4ms)[0m  ALTER TABLE "users" ADD "unconfirmed_email" varchar
  [1m[36m (0.4ms)[0m  [1mselect sqlite_version(*)[0m
  [1m[35m (1.6ms)[0m  CREATE UNIQUE INDEX "index_users_on_email" ON "users" ("email")
  [1m[36m (0.1ms)[0m  [1m            SELECT sql
            FROM sqlite_master
            WHERE name='index_users_on_email' AND type='index'
            UNION ALL
            SELECT sql
            FROM sqlite_temp_master
            WHERE name='index_users_on_email' AND type='index'
[0m
  [1m[35m (0.1ms)[0m  CREATE UNIQUE INDEX "index_users_on_reset_password_token" ON "users" ("reset_password_token")
  [1m[36m (0.1ms)[0m  [1m            SELECT sql
            FROM sqlite_master
            WHERE name='index_users_on_reset_password_token' AND type='index'
            UNION ALL
            SELECT sql
            FROM sqlite_temp_master
            WHERE name='index_users_on_reset_password_token' AND type='index'
[0m
  [1m[35m (0.0ms)[0m              SELECT sql
            FROM sqlite_master
            WHERE name='index_users_on_email' AND type='index'
            UNION ALL
            SELECT sql
            FROM sqlite_temp_master
            WHERE name='index_users_on_email' AND type='index'

  [1m[36m (0.1ms)[0m  [1mCREATE UNIQUE INDEX "index_users_on_confirmation_token" ON "users" ("confirmation_token")[0m
  [1m[35mSQL (0.2ms)[0m  INSERT INTO "schema_migrations" ("version") VALUES (?)  [["version", "20150722195258"]]
  [1m[36m (1.8ms)[0m  [1mcommit transaction[0m
  [1m[35mActiveRecord::SchemaMigration Load (0.1ms)[0m  SELECT "schema_migrations".* FROM "schema_migrations"
  [1m[36m (0.1ms)[0m  [1m            SELECT sql
            FROM sqlite_master
            WHERE name='index_users_on_confirmation_token' AND type='index'
            UNION ALL
            SELECT sql
            FROM sqlite_temp_master
            WHERE name='index_users_on_confirmation_token' AND type='index'
[0m
  [1m[35m (0.1ms)[0m              SELECT sql
            FROM sqlite_master
            WHERE name='index_users_on_reset_password_token' AND type='index'
            UNION ALL
            SELECT sql
            FROM sqlite_temp_master
            WHERE name='index_users_on_reset_password_token' AND type='index'

  [1m[36m (0.1ms)[0m  [1m            SELECT sql
            FROM sqlite_master
            WHERE name='index_users_on_email' AND type='index'
            UNION ALL
            SELECT sql
            FROM sqlite_temp_master
            WHERE name='index_users_on_email' AND type='index'
[0m
  [1m[36mActiveRecord::SchemaMigration Load (1.3ms)[0m  [1mSELECT "schema_migrations".* FROM "schema_migrations"[0m
  [1m[35mActiveRecord::SchemaMigration Load (0.1ms)[0m  SELECT "schema_migrations".* FROM "schema_migrations"
  [1m[36m (0.1ms)[0m  [1m            SELECT sql
            FROM sqlite_master
            WHERE name='index_users_on_confirmation_token' AND type='index'
            UNION ALL
            SELECT sql
            FROM sqlite_temp_master
            WHERE name='index_users_on_confirmation_token' AND type='index'
[0m
  [1m[35m (0.1ms)[0m              SELECT sql
            FROM sqlite_master
            WHERE name='index_users_on_reset_password_token' AND type='index'
            UNION ALL
            SELECT sql
            FROM sqlite_temp_master
            WHERE name='index_users_on_reset_password_token' AND type='index'

  [1m[36m (0.1ms)[0m  [1m            SELECT sql
            FROM sqlite_master
            WHERE name='index_users_on_email' AND type='index'
            UNION ALL
            SELECT sql
            FROM sqlite_temp_master
            WHERE name='index_users_on_email' AND type='index'
[0m


Started GET "/" for ::1 at 2015-07-22 22:48:09 -0400
  [1m[36mActiveRecord::SchemaMigration Load (1.5ms)[0m  [1mSELECT "schema_migrations".* FROM "schema_migrations"[0m
Processing by Rails::WelcomeController#index as HTML
  Rendered /Users/gaberen/.rvm/gems/ruby-2.2.2/gems/railties-4.2.1/lib/rails/templates/rails/welcome/index.html.erb (2.8ms)
Completed 200 OK in 25ms (Views: 15.2ms | ActiveRecord: 0.0ms)


Started GET "/" for ::1 at 2015-07-22 22:48:11 -0400
Processing by Rails::WelcomeController#index as HTML
  Rendered /Users/gaberen/.rvm/gems/ruby-2.2.2/gems/railties-4.2.1/lib/rails/templates/rails/welcome/index.html.erb (0.0ms)
Completed 200 OK in 2ms (Views: 1.7ms | ActiveRecord: 0.0ms)


Started GET "/rails/info/properties" for ::1 at 2015-07-22 22:48:14 -0400
Processing by Rails::InfoController#properties as */*
  [1m[35mActiveRecord::SchemaMigration Load (0.1ms)[0m  SELECT "schema_migrations".* FROM "schema_migrations"
  Rendered /Users/gaberen/.rvm/gems/ruby-2.2.2/gems/railties-4.2.1/lib/rails/templates/rails/info/properties.html.erb (0.3ms)
Completed 200 OK in 37ms (Views: 26.8ms | ActiveRecord: 0.3ms)


Started GET "/" for ::1 at 2015-07-22 22:48:15 -0400
Processing by Rails::WelcomeController#index as HTML
  Rendered /Users/gaberen/.rvm/gems/ruby-2.2.2/gems/railties-4.2.1/lib/rails/templates/rails/welcome/index.html.erb (0.0ms)
Completed 200 OK in 2ms (Views: 1.7ms | ActiveRecord: 0.0ms)
  [1m[36mActiveRecord::SchemaMigration Load (1.4ms)[0m  [1mSELECT "schema_migrations".* FROM "schema_migrations"[0m
  [1m[35mActiveRecord::SchemaMigration Load (0.1ms)[0m  SELECT "schema_migrations".* FROM "schema_migrations"
  [1m[36m (0.1ms)[0m  [1m            SELECT sql
            FROM sqlite_master
            WHERE name='index_users_on_confirmation_token' AND type='index'
            UNION ALL
            SELECT sql
            FROM sqlite_temp_master
            WHERE name='index_users_on_confirmation_token' AND type='index'
[0m
  [1m[35m (0.1ms)[0m              SELECT sql
            FROM sqlite_master
            WHERE name='index_users_on_reset_password_token' AND type='index'
            UNION ALL
            SELECT sql
            FROM sqlite_temp_master
            WHERE name='index_users_on_reset_password_token' AND type='index'

  [1m[36m (0.1ms)[0m  [1m            SELECT sql
            FROM sqlite_master
            WHERE name='index_users_on_email' AND type='index'
            UNION ALL
            SELECT sql
            FROM sqlite_temp_master
            WHERE name='index_users_on_email' AND type='index'
[0m


Started GET "/" for ::1 at 2015-07-22 22:48:55 -0400
  [1m[36mActiveRecord::SchemaMigration Load (0.1ms)[0m  [1mSELECT "schema_migrations".* FROM "schema_migrations"[0m
Processing by Rails::WelcomeController#index as HTML
  Rendered /Users/gaberen/.rvm/gems/ruby-2.2.2/gems/railties-4.2.1/lib/rails/templates/rails/welcome/index.html.erb (2.7ms)
Completed 200 OK in 22ms (Views: 13.0ms | ActiveRecord: 0.0ms)


Started GET "/" for ::1 at 2015-07-22 22:48:57 -0400
Processing by Rails::WelcomeController#index as HTML
  Rendered /Users/gaberen/.rvm/gems/ruby-2.2.2/gems/railties-4.2.1/lib/rails/templates/rails/welcome/index.html.erb (0.0ms)
Completed 200 OK in 2ms (Views: 1.6ms | ActiveRecord: 0.0ms)


Started GET "/" for ::1 at 2015-07-22 22:48:59 -0400
Processing by Rails::WelcomeController#index as HTML
  Rendered /Users/gaberen/.rvm/gems/ruby-2.2.2/gems/railties-4.2.1/lib/rails/templates/rails/welcome/index.html.erb (0.0ms)
Completed 200 OK in 2ms (Views: 1.8ms | ActiveRecord: 0.0ms)


Started GET "/" for ::1 at 2015-07-22 22:49:01 -0400
Processing by Rails::WelcomeController#index as HTML
  Rendered /Users/gaberen/.rvm/gems/ruby-2.2.2/gems/railties-4.2.1/lib/rails/templates/rails/welcome/index.html.erb (0.0ms)
Completed 200 OK in 3ms (Views: 2.2ms | ActiveRecord: 0.0ms)


Started GET "/" for ::1 at 2015-07-22 22:49:09 -0400
Processing by Rails::WelcomeController#index as HTML
  Rendered /Users/gaberen/.rvm/gems/ruby-2.2.2/gems/railties-4.2.1/lib/rails/templates/rails/welcome/index.html.erb (0.1ms)
Completed 200 OK in 3ms (Views: 2.6ms | ActiveRecord: 0.0ms)


Started GET "/" for ::1 at 2015-07-22 23:12:35 -0400
Processing by Rails::WelcomeController#index as HTML
  Rendered /Users/gaberen/.rvm/gems/ruby-2.2.2/gems/railties-4.2.1/lib/rails/templates/rails/welcome/index.html.erb (0.1ms)
Completed 200 OK in 5ms (Views: 4.8ms | ActiveRecord: 0.0ms)


Started GET "/" for ::1 at 2015-07-22 23:12:38 -0400
Processing by Rails::WelcomeController#index as HTML
  Rendered /Users/gaberen/.rvm/gems/ruby-2.2.2/gems/railties-4.2.1/lib/rails/templates/rails/welcome/index.html.erb (0.0ms)
Completed 200 OK in 2ms (Views: 1.5ms | ActiveRecord: 0.0ms)
  [1m[36mActiveRecord::SchemaMigration Load (0.1ms)[0m  [1mSELECT "schema_migrations".* FROM "schema_migrations"[0m
  [1m[35mActiveRecord::SchemaMigration Load (0.1ms)[0m  SELECT "schema_migrations".* FROM "schema_migrations"
  [1m[36m (0.1ms)[0m  [1m            SELECT sql
            FROM sqlite_master
            WHERE name='index_users_on_confirmation_token' AND type='index'
            UNION ALL
            SELECT sql
            FROM sqlite_temp_master
            WHERE name='index_users_on_confirmation_token' AND type='index'
[0m
  [1m[35m (0.1ms)[0m              SELECT sql
            FROM sqlite_master
            WHERE name='index_users_on_reset_password_token' AND type='index'
            UNION ALL
            SELECT sql
            FROM sqlite_temp_master
            WHERE name='index_users_on_reset_password_token' AND type='index'

  [1m[36m (0.1ms)[0m  [1m            SELECT sql
            FROM sqlite_master
            WHERE name='index_users_on_email' AND type='index'
            UNION ALL
            SELECT sql
            FROM sqlite_temp_master
            WHERE name='index_users_on_email' AND type='index'
[0m


Started GET "/" for ::1 at 2015-07-23 14:21:46 -0400
  [1m[36mActiveRecord::SchemaMigration Load (1.3ms)[0m  [1mSELECT "schema_migrations".* FROM "schema_migrations"[0m
Processing by Rails::WelcomeController#index as HTML
  Rendered /Users/gaberen/.rvm/gems/ruby-2.2.2/gems/railties-4.2.1/lib/rails/templates/rails/welcome/index.html.erb (3.0ms)
Completed 200 OK in 26ms (Views: 15.7ms | ActiveRecord: 0.0ms)


Started GET "/" for 127.0.0.1 at 2015-07-23 14:31:34 -0400
  [1m[36mActiveRecord::SchemaMigration Load (1.3ms)[0m  [1mSELECT "schema_migrations".* FROM "schema_migrations"[0m
Processing by Rails::WelcomeController#index as HTML
  Rendered /Users/gaberen/.rvm/gems/ruby-2.2.2/gems/railties-4.2.1/lib/rails/templates/rails/welcome/index.html.erb (3.0ms)
Completed 200 OK in 27ms (Views: 17.2ms | ActiveRecord: 0.0ms)


Started GET "/" for 127.0.0.1 at 2015-07-23 14:31:36 -0400
Processing by Rails::WelcomeController#index as HTML
  Rendered /Users/gaberen/.rvm/gems/ruby-2.2.2/gems/railties-4.2.1/lib/rails/templates/rails/welcome/index.html.erb (0.0ms)
Completed 200 OK in 2ms (Views: 1.5ms | ActiveRecord: 0.0ms)


Started GET "/users/sign_up" for 127.0.0.1 at 2015-07-23 14:44:48 -0400
  [1m[36mActiveRecord::SchemaMigration Load (1.2ms)[0m  [1mSELECT "schema_migrations".* FROM "schema_migrations"[0m
Processing by Devise::RegistrationsController#new as HTML
  Rendered devise/registrations/new.html.erb within layouts/application (57.0ms)
Completed 500 Internal Server Error in 117ms (ActiveRecord: 1.1ms)

ActionView::Template::Error (undefined method `username' for #<User:0x007fce560fbf28>):
    10: 
    11:   <div class="field">
    12:     <%= f.label :username %><br />
    13:     <%= f.text_field :username %>
    14:   </div>
    15: 
    16:   <div class="field">
  app/views/devise/registrations/new.html.erb:13:in `block in _app_views_devise_registrations_new_html_erb___1269031720137323754_70262076700440'
  app/views/devise/registrations/new.html.erb:3:in `_app_views_devise_registrations_new_html_erb___1269031720137323754_70262076700440'


  Rendered /Users/gaberen/.rvm/gems/ruby-2.2.2/gems/actionpack-4.2.1/lib/action_dispatch/middleware/templates/rescues/_source.erb (7.0ms)
  Rendered /Users/gaberen/.rvm/gems/ruby-2.2.2/gems/actionpack-4.2.1/lib/action_dispatch/middleware/templates/rescues/_trace.html.erb (3.0ms)
  Rendered /Users/gaberen/.rvm/gems/ruby-2.2.2/gems/actionpack-4.2.1/lib/action_dispatch/middleware/templates/rescues/_request_and_response.html.erb (1.3ms)
  Rendered /Users/gaberen/.rvm/gems/ruby-2.2.2/gems/actionpack-4.2.1/lib/action_dispatch/middleware/templates/rescues/template_error.html.erb within rescues/layout (63.0ms)
  Rendered /Users/gaberen/.rvm/gems/ruby-2.2.2/gems/web-console-2.1.3/lib/web_console/templates/_markup.html.erb (0.5ms)
  Rendered /Users/gaberen/.rvm/gems/ruby-2.2.2/gems/web-console-2.1.3/lib/web_console/templates/style.css.erb within layouts/inlined_string (0.4ms)
  Rendered /Users/gaberen/.rvm/gems/ruby-2.2.2/gems/web-console-2.1.3/lib/web_console/templates/_inner_console_markup.html.erb within layouts/inlined_string (0.4ms)
  Rendered /Users/gaberen/.rvm/gems/ruby-2.2.2/gems/web-console-2.1.3/lib/web_console/templates/_prompt_box_markup.html.erb within layouts/inlined_string (0.9ms)
  Rendered /Users/gaberen/.rvm/gems/ruby-2.2.2/gems/web-console-2.1.3/lib/web_console/templates/console.js.erb within layouts/javascript (58.3ms)
  Rendered /Users/gaberen/.rvm/gems/ruby-2.2.2/gems/web-console-2.1.3/lib/web_console/templates/main.js.erb within layouts/javascript (0.4ms)
  Rendered /Users/gaberen/.rvm/gems/ruby-2.2.2/gems/web-console-2.1.3/lib/web_console/templates/error_page.js.erb within layouts/javascript (0.7ms)
  Rendered /Users/gaberen/.rvm/gems/ruby-2.2.2/gems/web-console-2.1.3/lib/web_console/templates/index.html.erb (125.8ms)


Started GET "/users/sign_up" for 127.0.0.1 at 2015-07-23 14:47:03 -0400
Processing by Devise::RegistrationsController#new as HTML
  Rendered devise/registrations/new.html.erb within layouts/application (6.2ms)
Completed 500 Internal Server Error in 18ms (ActiveRecord: 0.0ms)

ActionView::Template::Error (undefined method `username' for #<User:0x007fce58a73248>):
    10: 
    11:   <div class="field">
    12:     <%= f.label :username %><br />
    13:     <%= f.text_field :username %>
    14:   </div>
    15: 
    16:   <div class="field">
  app/views/devise/registrations/new.html.erb:13:in `block in _app_views_devise_registrations_new_html_erb___1269031720137323754_70262076700440'
  app/views/devise/registrations/new.html.erb:3:in `_app_views_devise_registrations_new_html_erb___1269031720137323754_70262076700440'


  Rendered /Users/gaberen/.rvm/gems/ruby-2.2.2/gems/actionpack-4.2.1/lib/action_dispatch/middleware/templates/rescues/_source.erb (9.0ms)
  Rendered /Users/gaberen/.rvm/gems/ruby-2.2.2/gems/actionpack-4.2.1/lib/action_dispatch/middleware/templates/rescues/_trace.html.erb (3.8ms)
  Rendered /Users/gaberen/.rvm/gems/ruby-2.2.2/gems/actionpack-4.2.1/lib/action_dispatch/middleware/templates/rescues/_request_and_response.html.erb (0.8ms)
  Rendered /Users/gaberen/.rvm/gems/ruby-2.2.2/gems/actionpack-4.2.1/lib/action_dispatch/middleware/templates/rescues/template_error.html.erb within rescues/layout (60.5ms)
  Rendered /Users/gaberen/.rvm/gems/ruby-2.2.2/gems/web-console-2.1.3/lib/web_console/templates/_markup.html.erb (0.4ms)
  Rendered /Users/gaberen/.rvm/gems/ruby-2.2.2/gems/web-console-2.1.3/lib/web_console/templates/style.css.erb within layouts/inlined_string (0.3ms)
  Rendered /Users/gaberen/.rvm/gems/ruby-2.2.2/gems/web-console-2.1.3/lib/web_console/templates/_inner_console_markup.html.erb within layouts/inlined_string (0.3ms)
  Rendered /Users/gaberen/.rvm/gems/ruby-2.2.2/gems/web-console-2.1.3/lib/web_console/templates/_prompt_box_markup.html.erb within layouts/inlined_string (0.3ms)
  Rendered /Users/gaberen/.rvm/gems/ruby-2.2.2/gems/web-console-2.1.3/lib/web_console/templates/console.js.erb within layouts/javascript (48.5ms)
  Rendered /Users/gaberen/.rvm/gems/ruby-2.2.2/gems/web-console-2.1.3/lib/web_console/templates/main.js.erb within layouts/javascript (0.4ms)
  Rendered /Users/gaberen/.rvm/gems/ruby-2.2.2/gems/web-console-2.1.3/lib/web_console/templates/error_page.js.erb within layouts/javascript (0.4ms)
  Rendered /Users/gaberen/.rvm/gems/ruby-2.2.2/gems/web-console-2.1.3/lib/web_console/templates/index.html.erb (104.5ms)
  [1m[36mActiveRecord::SchemaMigration Load (1.2ms)[0m  [1mSELECT "schema_migrations".* FROM "schema_migrations"[0m
  [1m[35mActiveRecord::SchemaMigration Load (0.1ms)[0m  SELECT "schema_migrations".* FROM "schema_migrations"
  [1m[36m (0.1ms)[0m  [1m            SELECT sql
            FROM sqlite_master
            WHERE name='index_users_on_confirmation_token' AND type='index'
            UNION ALL
            SELECT sql
            FROM sqlite_temp_master
            WHERE name='index_users_on_confirmation_token' AND type='index'
[0m
  [1m[35m (0.1ms)[0m              SELECT sql
            FROM sqlite_master
            WHERE name='index_users_on_reset_password_token' AND type='index'
            UNION ALL
            SELECT sql
            FROM sqlite_temp_master
            WHERE name='index_users_on_reset_password_token' AND type='index'

  [1m[36m (0.1ms)[0m  [1m            SELECT sql
            FROM sqlite_master
            WHERE name='index_users_on_email' AND type='index'
            UNION ALL
            SELECT sql
            FROM sqlite_temp_master
            WHERE name='index_users_on_email' AND type='index'
[0m


Started GET "/users/sign_up" for 127.0.0.1 at 2015-07-23 14:51:19 -0400
  [1m[36mActiveRecord::SchemaMigration Load (0.1ms)[0m  [1mSELECT "schema_migrations".* FROM "schema_migrations"[0m
Processing by Devise::RegistrationsController#new as HTML
  Rendered devise/registrations/new.html.erb within layouts/application (69.9ms)
Completed 500 Internal Server Error in 112ms (ActiveRecord: 0.4ms)

ActionView::Template::Error (undefined method `username' for #<User:0x007fece0c91998>):
    10: 
    11:   <div class="field">
    12:     <%= f.label :username %><br />
    13:     <%= f.text_field :username %>
    14:   </div>
    15: 
    16:   <div class="field">
  app/views/devise/registrations/new.html.erb:13:in `block in _app_views_devise_registrations_new_html_erb__44992160092920373_70327678726160'
  app/views/devise/registrations/new.html.erb:3:in `_app_views_devise_registrations_new_html_erb__44992160092920373_70327678726160'


  Rendered /Users/gaberen/.rvm/gems/ruby-2.2.2/gems/actionpack-4.2.1/lib/action_dispatch/middleware/templates/rescues/_source.erb (14.4ms)
  Rendered /Users/gaberen/.rvm/gems/ruby-2.2.2/gems/actionpack-4.2.1/lib/action_dispatch/middleware/templates/rescues/_trace.html.erb (3.9ms)
  Rendered /Users/gaberen/.rvm/gems/ruby-2.2.2/gems/actionpack-4.2.1/lib/action_dispatch/middleware/templates/rescues/_request_and_response.html.erb (1.2ms)
  Rendered /Users/gaberen/.rvm/gems/ruby-2.2.2/gems/actionpack-4.2.1/lib/action_dispatch/middleware/templates/rescues/template_error.html.erb within rescues/layout (69.6ms)
  Rendered /Users/gaberen/.rvm/gems/ruby-2.2.2/gems/web-console-2.1.3/lib/web_console/templates/_markup.html.erb (0.5ms)
  Rendered /Users/gaberen/.rvm/gems/ruby-2.2.2/gems/web-console-2.1.3/lib/web_console/templates/style.css.erb within layouts/inlined_string (0.4ms)
  Rendered /Users/gaberen/.rvm/gems/ruby-2.2.2/gems/web-console-2.1.3/lib/web_console/templates/_inner_console_markup.html.erb within layouts/inlined_string (0.3ms)
  Rendered /Users/gaberen/.rvm/gems/ruby-2.2.2/gems/web-console-2.1.3/lib/web_console/templates/_prompt_box_markup.html.erb within layouts/inlined_string (0.3ms)
  Rendered /Users/gaberen/.rvm/gems/ruby-2.2.2/gems/web-console-2.1.3/lib/web_console/templates/console.js.erb within layouts/javascript (50.4ms)
  Rendered /Users/gaberen/.rvm/gems/ruby-2.2.2/gems/web-console-2.1.3/lib/web_console/templates/main.js.erb within layouts/javascript (0.8ms)
  Rendered /Users/gaberen/.rvm/gems/ruby-2.2.2/gems/web-console-2.1.3/lib/web_console/templates/error_page.js.erb within layouts/javascript (0.4ms)
  Rendered /Users/gaberen/.rvm/gems/ruby-2.2.2/gems/web-console-2.1.3/lib/web_console/templates/index.html.erb (123.1ms)
  [1m[36mActiveRecord::SchemaMigration Load (0.2ms)[0m  [1mSELECT "schema_migrations".* FROM "schema_migrations"[0m
  [1m[35mActiveRecord::SchemaMigration Load (0.3ms)[0m  SELECT "schema_migrations".* FROM "schema_migrations"
  [1m[36m (0.1ms)[0m  [1m            SELECT sql
            FROM sqlite_master
            WHERE name='index_users_on_confirmation_token' AND type='index'
            UNION ALL
            SELECT sql
            FROM sqlite_temp_master
            WHERE name='index_users_on_confirmation_token' AND type='index'
[0m
  [1m[35m (0.1ms)[0m              SELECT sql
            FROM sqlite_master
            WHERE name='index_users_on_reset_password_token' AND type='index'
            UNION ALL
            SELECT sql
            FROM sqlite_temp_master
            WHERE name='index_users_on_reset_password_token' AND type='index'

  [1m[36m (0.1ms)[0m  [1m            SELECT sql
            FROM sqlite_master
            WHERE name='index_users_on_email' AND type='index'
            UNION ALL
            SELECT sql
            FROM sqlite_temp_master
            WHERE name='index_users_on_email' AND type='index'
[0m


Started GET "/" for 127.0.0.1 at 2015-07-23 14:58:01 -0400
  [1m[36mActiveRecord::SchemaMigration Load (1.3ms)[0m  [1mSELECT "schema_migrations".* FROM "schema_migrations"[0m
Processing by Rails::WelcomeController#index as HTML
  Rendered /Users/gaberen/.rvm/gems/ruby-2.2.2/gems/railties-4.2.1/lib/rails/templates/rails/welcome/index.html.erb (3.0ms)
Completed 200 OK in 32ms (Views: 21.6ms | ActiveRecord: 0.0ms)


Started GET "/users/sign_up" for 127.0.0.1 at 2015-07-23 14:58:18 -0400
Processing by Devise::RegistrationsController#new as HTML
  Rendered devise/registrations/new.html.erb within layouts/application (49.8ms)
Completed 500 Internal Server Error in 86ms (ActiveRecord: 0.5ms)

ActionView::Template::Error (undefined method `username' for #<User:0x007ffb7c4cde00>):
    10: 
    11:   <div class="field">
    12:     <%= f.label :username %><br />
    13:     <%= f.text_field :username %>
    14:   </div>
    15: 
    16:   <div class="field">
  app/views/devise/registrations/new.html.erb:13:in `block in _app_views_devise_registrations_new_html_erb__4241200556779067422_70359075583100'
  app/views/devise/registrations/new.html.erb:3:in `_app_views_devise_registrations_new_html_erb__4241200556779067422_70359075583100'


  Rendered /Users/gaberen/.rvm/gems/ruby-2.2.2/gems/actionpack-4.2.1/lib/action_dispatch/middleware/templates/rescues/_source.erb (7.9ms)
  Rendered /Users/gaberen/.rvm/gems/ruby-2.2.2/gems/actionpack-4.2.1/lib/action_dispatch/middleware/templates/rescues/_trace.html.erb (3.0ms)
  Rendered /Users/gaberen/.rvm/gems/ruby-2.2.2/gems/actionpack-4.2.1/lib/action_dispatch/middleware/templates/rescues/_request_and_response.html.erb (1.0ms)
  Rendered /Users/gaberen/.rvm/gems/ruby-2.2.2/gems/actionpack-4.2.1/lib/action_dispatch/middleware/templates/rescues/template_error.html.erb within rescues/layout (61.1ms)
  Rendered /Users/gaberen/.rvm/gems/ruby-2.2.2/gems/web-console-2.1.3/lib/web_console/templates/_markup.html.erb (0.6ms)
  Rendered /Users/gaberen/.rvm/gems/ruby-2.2.2/gems/web-console-2.1.3/lib/web_console/templates/style.css.erb within layouts/inlined_string (0.5ms)
  Rendered /Users/gaberen/.rvm/gems/ruby-2.2.2/gems/web-console-2.1.3/lib/web_console/templates/_inner_console_markup.html.erb within layouts/inlined_string (0.3ms)
  Rendered /Users/gaberen/.rvm/gems/ruby-2.2.2/gems/web-console-2.1.3/lib/web_console/templates/_prompt_box_markup.html.erb within layouts/inlined_string (0.3ms)
  Rendered /Users/gaberen/.rvm/gems/ruby-2.2.2/gems/web-console-2.1.3/lib/web_console/templates/console.js.erb within layouts/javascript (55.2ms)
  Rendered /Users/gaberen/.rvm/gems/ruby-2.2.2/gems/web-console-2.1.3/lib/web_console/templates/main.js.erb within layouts/javascript (0.3ms)
  Rendered /Users/gaberen/.rvm/gems/ruby-2.2.2/gems/web-console-2.1.3/lib/web_console/templates/error_page.js.erb within layouts/javascript (0.4ms)
  Rendered /Users/gaberen/.rvm/gems/ruby-2.2.2/gems/web-console-2.1.3/lib/web_console/templates/index.html.erb (118.2ms)


Started GET "/" for 127.0.0.1 at 2015-07-23 17:07:40 -0400
  [1m[36mActiveRecord::SchemaMigration Load (1.2ms)[0m  [1mSELECT "schema_migrations".* FROM "schema_migrations"[0m
Processing by Rails::WelcomeController#index as HTML
  Rendered /Users/gaberen/.rvm/gems/ruby-2.2.2/gems/railties-4.2.1/lib/rails/templates/rails/welcome/index.html.erb (3.9ms)
Completed 200 OK in 28ms (Views: 18.4ms | ActiveRecord: 0.0ms)


Started GET "/" for 127.0.0.1 at 2015-07-23 17:07:43 -0400
Processing by Rails::WelcomeController#index as HTML
  Rendered /Users/gaberen/.rvm/gems/ruby-2.2.2/gems/railties-4.2.1/lib/rails/templates/rails/welcome/index.html.erb (0.1ms)
Completed 200 OK in 2ms (Views: 1.9ms | ActiveRecord: 0.0ms)
  [1m[36mActiveRecord::SchemaMigration Load (1.2ms)[0m  [1mSELECT "schema_migrations".* FROM "schema_migrations"[0m
  [1m[35mActiveRecord::SchemaMigration Load (0.1ms)[0m  SELECT "schema_migrations".* FROM "schema_migrations"
  [1m[36m (0.1ms)[0m  [1m            SELECT sql
            FROM sqlite_master
            WHERE name='index_users_on_confirmation_token' AND type='index'
            UNION ALL
            SELECT sql
            FROM sqlite_temp_master
            WHERE name='index_users_on_confirmation_token' AND type='index'
[0m
  [1m[35m (0.1ms)[0m              SELECT sql
            FROM sqlite_master
            WHERE name='index_users_on_reset_password_token' AND type='index'
            UNION ALL
            SELECT sql
            FROM sqlite_temp_master
            WHERE name='index_users_on_reset_password_token' AND type='index'

  [1m[36m (0.1ms)[0m  [1m            SELECT sql
            FROM sqlite_master
            WHERE name='index_users_on_email' AND type='index'
            UNION ALL
            SELECT sql
            FROM sqlite_temp_master
            WHERE name='index_users_on_email' AND type='index'
[0m


Started GET "/" for 127.0.0.1 at 2015-07-23 18:15:51 -0400
  [1m[36mActiveRecord::SchemaMigration Load (1.1ms)[0m  [1mSELECT "schema_migrations".* FROM "schema_migrations"[0m
Processing by Rails::WelcomeController#index as HTML
  Rendered /Users/gaberen/.rvm/gems/ruby-2.2.2/gems/railties-4.2.1/lib/rails/templates/rails/welcome/index.html.erb (2.8ms)
Completed 200 OK in 24ms (Views: 14.7ms | ActiveRecord: 0.0ms)


Started GET "/registrations/new" for 127.0.0.1 at 2015-07-23 18:16:00 -0400

ActionController::RoutingError (No route matches [GET] "/registrations/new"):
  actionpack (4.2.1) lib/action_dispatch/middleware/debug_exceptions.rb:21:in `call'
  web-console (2.1.3) lib/web_console/middleware.rb:37:in `call'
  actionpack (4.2.1) lib/action_dispatch/middleware/show_exceptions.rb:30:in `call'
  railties (4.2.1) lib/rails/rack/logger.rb:38:in `call_app'
  railties (4.2.1) lib/rails/rack/logger.rb:20:in `block in call'
  activesupport (4.2.1) lib/active_support/tagged_logging.rb:68:in `block in tagged'
  activesupport (4.2.1) lib/active_support/tagged_logging.rb:26:in `tagged'
  activesupport (4.2.1) lib/active_support/tagged_logging.rb:68:in `tagged'
  railties (4.2.1) lib/rails/rack/logger.rb:20:in `call'
  actionpack (4.2.1) lib/action_dispatch/middleware/request_id.rb:21:in `call'
  rack (1.6.4) lib/rack/methodoverride.rb:22:in `call'
  rack (1.6.4) lib/rack/runtime.rb:18:in `call'
  activesupport (4.2.1) lib/active_support/cache/strategy/local_cache_middleware.rb:28:in `call'
  rack (1.6.4) lib/rack/lock.rb:17:in `call'
  actionpack (4.2.1) lib/action_dispatch/middleware/static.rb:113:in `call'
  rack (1.6.4) lib/rack/sendfile.rb:113:in `call'
  railties (4.2.1) lib/rails/engine.rb:518:in `call'
  railties (4.2.1) lib/rails/application.rb:164:in `call'
  rack (1.6.4) lib/rack/content_length.rb:15:in `call'
  thin (1.5.1) lib/thin/connection.rb:81:in `block in pre_process'
  thin (1.5.1) lib/thin/connection.rb:79:in `catch'
  thin (1.5.1) lib/thin/connection.rb:79:in `pre_process'
  thin (1.5.1) lib/thin/connection.rb:54:in `process'
  thin (1.5.1) lib/thin/connection.rb:39:in `receive_data'
  eventmachine (1.0.5) lib/eventmachine.rb:187:in `run_machine'
  eventmachine (1.0.5) lib/eventmachine.rb:187:in `run'
  thin (1.5.1) lib/thin/backends/base.rb:63:in `start'
  thin (1.5.1) lib/thin/server.rb:159:in `start'
  rack (1.6.4) lib/rack/handler/thin.rb:19:in `run'
  rack (1.6.4) lib/rack/server.rb:286:in `start'
  railties (4.2.1) lib/rails/commands/server.rb:80:in `start'
  railties (4.2.1) lib/rails/commands/commands_tasks.rb:80:in `block in server'
  railties (4.2.1) lib/rails/commands/commands_tasks.rb:75:in `tap'
  railties (4.2.1) lib/rails/commands/commands_tasks.rb:75:in `server'
  railties (4.2.1) lib/rails/commands/commands_tasks.rb:39:in `run_command!'
  railties (4.2.1) lib/rails/commands.rb:17:in `<top (required)>'
  bin/rails:8:in `require'
  bin/rails:8:in `<top (required)>'
  spring (1.3.6) lib/spring/client/rails.rb:28:in `load'
  spring (1.3.6) lib/spring/client/rails.rb:28:in `call'
  spring (1.3.6) lib/spring/client/command.rb:7:in `call'
  spring (1.3.6) lib/spring/client.rb:26:in `run'
  spring (1.3.6) bin/spring:48:in `<top (required)>'
  spring (1.3.6) lib/spring/binstub.rb:11:in `load'
  spring (1.3.6) lib/spring/binstub.rb:11:in `<top (required)>'
  bin/spring:13:in `require'
  bin/spring:13:in `<top (required)>'
  bin/rails:3:in `load'
  bin/rails:3:in `<main>'


  Rendered /Users/gaberen/.rvm/gems/ruby-2.2.2/gems/actionpack-4.2.1/lib/action_dispatch/middleware/templates/rescues/_trace.html.erb (1.6ms)
  Rendered /Users/gaberen/.rvm/gems/ruby-2.2.2/gems/actionpack-4.2.1/lib/action_dispatch/middleware/templates/routes/_route.html.erb (2.3ms)
  Rendered /Users/gaberen/.rvm/gems/ruby-2.2.2/gems/actionpack-4.2.1/lib/action_dispatch/middleware/templates/routes/_table.html.erb (13.4ms)
  Rendered /Users/gaberen/.rvm/gems/ruby-2.2.2/gems/actionpack-4.2.1/lib/action_dispatch/middleware/templates/rescues/_request_and_response.html.erb (1.0ms)
  Rendered /Users/gaberen/.rvm/gems/ruby-2.2.2/gems/actionpack-4.2.1/lib/action_dispatch/middleware/templates/rescues/routing_error.html.erb within rescues/layout (115.4ms)
  Rendered /Users/gaberen/.rvm/gems/ruby-2.2.2/gems/web-console-2.1.3/lib/web_console/templates/_markup.html.erb (0.4ms)
  Rendered /Users/gaberen/.rvm/gems/ruby-2.2.2/gems/web-console-2.1.3/lib/web_console/templates/style.css.erb within layouts/inlined_string (0.3ms)
  Rendered /Users/gaberen/.rvm/gems/ruby-2.2.2/gems/web-console-2.1.3/lib/web_console/templates/_inner_console_markup.html.erb within layouts/inlined_string (0.3ms)
  Rendered /Users/gaberen/.rvm/gems/ruby-2.2.2/gems/web-console-2.1.3/lib/web_console/templates/_prompt_box_markup.html.erb within layouts/inlined_string (0.5ms)
  Rendered /Users/gaberen/.rvm/gems/ruby-2.2.2/gems/web-console-2.1.3/lib/web_console/templates/console.js.erb within layouts/javascript (48.8ms)
  Rendered /Users/gaberen/.rvm/gems/ruby-2.2.2/gems/web-console-2.1.3/lib/web_console/templates/main.js.erb within layouts/javascript (0.5ms)
  Rendered /Users/gaberen/.rvm/gems/ruby-2.2.2/gems/web-console-2.1.3/lib/web_console/templates/error_page.js.erb within layouts/javascript (0.4ms)
  Rendered /Users/gaberen/.rvm/gems/ruby-2.2.2/gems/web-console-2.1.3/lib/web_console/templates/index.html.erb (109.4ms)


Started GET "/users/sign_up" for 127.0.0.1 at 2015-07-23 18:16:15 -0400
Processing by Devise::RegistrationsController#new as HTML
  Rendered devise/shared/_links.html.erb (1.4ms)
  Rendered devise/registrations/new.html.erb within layouts/application (44.6ms)
Completed 200 OK in 1620ms (Views: 1598.1ms | ActiveRecord: 0.7ms)


Started GET "/assets/scaffolds.self-3d26048ac8e252376ef2a4de58fc87f4f7bb2b38be39660ff7e30061b531bff2.css?body=1" for 127.0.0.1 at 2015-07-23 18:16:17 -0400


Started GET "/assets/statics.self-e3b0c44298fc1c149afbf4c8996fb92427ae41e4649b934ca495991b7852b855.css?body=1" for 127.0.0.1 at 2015-07-23 18:16:17 -0400


Started GET "/assets/users.self-e3b0c44298fc1c149afbf4c8996fb92427ae41e4649b934ca495991b7852b855.css?body=1" for 127.0.0.1 at 2015-07-23 18:16:17 -0400


Started GET "/assets/application.self-e80e8f2318043e8af94dddc2adad5a4f09739a8ebb323b3ab31cd71d45fd9113.css?body=1" for 127.0.0.1 at 2015-07-23 18:16:17 -0400


Started GET "/assets/jquery.self-d03a5518f45df77341bdbe6201ba3bfa547ebba8ed64f0ea56bfa5f96ea7c074.js?body=1" for 127.0.0.1 at 2015-07-23 18:16:17 -0400


Started GET "/assets/jquery_ujs.self-ca5248a2fad13d6bd58ea121318d642f195f0b2dd818b30615f785ff365e8d1f.js?body=1" for 127.0.0.1 at 2015-07-23 18:16:17 -0400


Started GET "/assets/turbolinks.self-c37727e9bd6b2735da5c311aa83fead54ed0be6cc8bd9a65309e9c5abe2cbfff.js?body=1" for 127.0.0.1 at 2015-07-23 18:16:17 -0400


Started GET "/assets/statics.self-877aef30ae1b040ab8a3aba4e3e309a11d7f2612f44dde450b5c157aa5f95c05.js?body=1" for 127.0.0.1 at 2015-07-23 18:16:17 -0400


Started GET "/assets/users.self-877aef30ae1b040ab8a3aba4e3e309a11d7f2612f44dde450b5c157aa5f95c05.js?body=1" for 127.0.0.1 at 2015-07-23 18:16:17 -0400


Started GET "/assets/application.self-3b8dabdc891efe46b9a144b400ad69e37d7e5876bdc39dee783419a69d7ca819.js?body=1" for 127.0.0.1 at 2015-07-23 18:16:17 -0400


Started POST "/users" for 127.0.0.1 at 2015-07-23 18:16:28 -0400
Processing by Devise::RegistrationsController#create as HTML
  Parameters: {"utf8"=>"✓", "authenticity_token"=>"ej09OqwpSiUAkQQjWg4IlWV/7/SuRnkXzBnRflpqP5FxYR8izdjKFDfYjUsvXHHCABQzt5RgG2dbEkELt+5swQ==", "user"=>{"email"=>"conwayje@gmail.com", "password"=>"[FILTERED]", "password_confirmation"=>"[FILTERED]"}, "commit"=>"Sign up"}
  [1m[35m (0.1ms)[0m  begin transaction
  [1m[36mUser Exists (1.3ms)[0m  [1mSELECT  1 AS one FROM "users" WHERE "users"."email" = 'conwayje@gmail.com' LIMIT 1[0m
  [1m[35mUser Load (1.6ms)[0m  SELECT  "users".* FROM "users" WHERE "users"."confirmation_token" = ?  ORDER BY "users"."id" ASC LIMIT 1  [["confirmation_token", "4ed5d7cf7bbb542f66a393e4189a93cdcb54149fe146579128fbb5d77e335181"]]
  [1m[36mSQL (2.2ms)[0m  [1mINSERT INTO "users" ("encrypted_password", "email", "created_at", "updated_at", "confirmation_token", "confirmation_sent_at") VALUES (?, ?, ?, ?, ?, ?)[0m  [["encrypted_password", "$2a$10$w.tV9R0uYGVCrvUDoMRx7OdhIyQTfmE2ncKuZNqyzv4TxJi5cYaWO"], ["email", "conwayje@gmail.com"], ["created_at", "2015-07-23 22:16:28.727395"], ["updated_at", "2015-07-23 22:16:28.727395"], ["confirmation_token", "4ed5d7cf7bbb542f66a393e4189a93cdcb54149fe146579128fbb5d77e335181"], ["confirmation_sent_at", "2015-07-23 22:16:28.946018"]]
  Rendered devise/mailer/confirmation_instructions.html.erb (2.3ms)

Devise::Mailer#confirmation_instructions: processed outbound mail in 229.3ms

Sent mail to conwayje@gmail.com (20.5ms)
Date: Thu, 23 Jul 2015 18:16:29 -0400
From: pgss.ruby.on.rails@gmail.com
Reply-To: pgss.ruby.on.rails@gmail.com
To: conwayje@gmail.com
Message-ID: <55b167bd32ff9_29943fe3e585e1f88672f@Gabes-MacBook-Pro.local.mail>
Subject: Confirmation instructions
Mime-Version: 1.0
Content-Type: text/html;
 charset=UTF-8
Content-Transfer-Encoding: 7bit

<p>Welcome conwayje@gmail.com!</p>

<p>You can confirm your account email through the link below:</p>

<p><a href="http://localhost:3000/users/confirmation?confirmation_token=_QsmyGCkdKk6tyS5_r3o">Confirm my account</a></p>

  [1m[35m (1.6ms)[0m  commit transaction
Redirected to http://localhost:3000/
Completed 302 Found in 596ms (ActiveRecord: 6.8ms)


Started GET "/" for 127.0.0.1 at 2015-07-23 18:16:29 -0400
Processing by Rails::WelcomeController#index as HTML
  Rendered /Users/gaberen/.rvm/gems/ruby-2.2.2/gems/railties-4.2.1/lib/rails/templates/rails/welcome/index.html.erb (0.1ms)
Completed 200 OK in 3ms (Views: 2.9ms | ActiveRecord: 0.0ms)
